2025-02-20 14:23:54,467 DEBUG    root            Loaded Command Group: ['gcloud', 'components']
2025-02-20 14:23:54,469 DEBUG    root            Loaded Command Group: ['gcloud', 'components', 'update']
2025-02-20 14:23:54,471 DEBUG    root            Running [gcloud.components.update] with arguments: [--quiet: "True", COMPONENT-IDS:8: "['gcloud', 'core', 'bq', 'gsutil', 'compute', 'preview', 'alpha', 'beta']"]
2025-02-20 14:23:54,472 INFO     ___FILE_ONLY___ Beginning update. This process may take several minutes.

2025-02-20 14:23:54,482 DEBUG    urllib3.connectionpool Starting new HTTPS connection (1): dl.google.com:443
2025-02-20 14:23:55,524 DEBUG    urllib3.connectionpool https://dl.google.com:443 "GET /dl/cloudsdk/channels/rapid/components-2.json HTTP/11" 200 227832
2025-02-20 14:23:55,539 WARNING  root            Component [compute] no longer exists.
2025-02-20 14:23:55,540 INFO     ___FILE_ONLY___ 

2025-02-20 14:23:55,540 INFO     ___FILE_ONLY___ 
Your current Google Cloud CLI version is: 511.0.0

2025-02-20 14:23:55,541 INFO     ___FILE_ONLY___ Installing components from version: 511.0.0

2025-02-20 14:23:55,541 INFO     ___FILE_ONLY___ 

2025-02-20 14:23:55,541 DEBUG    root            Chosen display Format:table[box,title="These components will be removed."](details.display_name:label=Name:align=left,version.version_string:label=Version:align=right,data.size.size(zero="",min=1048576):label=Size:align=right)
2025-02-20 14:23:55,541 DEBUG    root            Chosen display Format:table[box,title="These components will be updated."](details.display_name:label=Name:align=left,version.version_string:label=Version:align=right,data.size.size(zero="",min=1048576):label=Size:align=right)
2025-02-20 14:23:55,542 DEBUG    root            Chosen display Format:table[box,title="These components will be installed."](details.display_name:label=Name:align=left,version.version_string:label=Version:align=right,data.size.size(zero="",min=1048576):label=Size:align=right)
2025-02-20 14:23:55,559 INFO     ___FILE_ONLY___ ┌────────────────────────────────────────────────┐
2025-02-20 14:23:55,559 INFO     ___FILE_ONLY___ 

2025-02-20 14:23:55,559 INFO     ___FILE_ONLY___ │      These components will be installed.       │
2025-02-20 14:23:55,559 INFO     ___FILE_ONLY___ 

2025-02-20 14:23:55,560 INFO     ___FILE_ONLY___ ├─────────────────────────┬────────────┬─────────┤
2025-02-20 14:23:55,560 INFO     ___FILE_ONLY___ 

2025-02-20 14:23:55,560 INFO     ___FILE_ONLY___ │           Name          │  Version   │   Size  │
2025-02-20 14:23:55,560 INFO     ___FILE_ONLY___ 

2025-02-20 14:23:55,560 INFO     ___FILE_ONLY___ ├─────────────────────────┼────────────┼─────────┤
2025-02-20 14:23:55,560 INFO     ___FILE_ONLY___ 

2025-02-20 14:23:55,560 INFO     ___FILE_ONLY___ │ 
2025-02-20 14:23:55,560 INFO     ___FILE_ONLY___ gcloud Alpha Commands  
2025-02-20 14:23:55,560 INFO     ___FILE_ONLY___  
2025-02-20 14:23:55,560 INFO     ___FILE_ONLY___ │ 
2025-02-20 14:23:55,560 INFO     ___FILE_ONLY___ 2025.02.18
2025-02-20 14:23:55,560 INFO     ___FILE_ONLY___  
2025-02-20 14:23:55,561 INFO     ___FILE_ONLY___ │ 
2025-02-20 14:23:55,561 INFO     ___FILE_ONLY___ < 1 MiB
2025-02-20 14:23:55,561 INFO     ___FILE_ONLY___  
2025-02-20 14:23:55,561 INFO     ___FILE_ONLY___ │
2025-02-20 14:23:55,561 INFO     ___FILE_ONLY___ 

2025-02-20 14:23:55,561 INFO     ___FILE_ONLY___ │ 
2025-02-20 14:23:55,561 INFO     ___FILE_ONLY___ gcloud Beta Commands   
2025-02-20 14:23:55,561 INFO     ___FILE_ONLY___  
2025-02-20 14:23:55,561 INFO     ___FILE_ONLY___ │ 
2025-02-20 14:23:55,561 INFO     ___FILE_ONLY___ 2025.02.18
2025-02-20 14:23:55,561 INFO     ___FILE_ONLY___  
2025-02-20 14:23:55,562 INFO     ___FILE_ONLY___ │ 
2025-02-20 14:23:55,562 INFO     ___FILE_ONLY___ < 1 MiB
2025-02-20 14:23:55,562 INFO     ___FILE_ONLY___  
2025-02-20 14:23:55,562 INFO     ___FILE_ONLY___ │
2025-02-20 14:23:55,562 INFO     ___FILE_ONLY___ 

2025-02-20 14:23:55,562 INFO     ___FILE_ONLY___ │ 
2025-02-20 14:23:55,562 INFO     ___FILE_ONLY___ gcloud Preview Commands
2025-02-20 14:23:55,562 INFO     ___FILE_ONLY___  
2025-02-20 14:23:55,562 INFO     ___FILE_ONLY___ │ 
2025-02-20 14:23:55,563 INFO     ___FILE_ONLY___           
2025-02-20 14:23:55,563 INFO     ___FILE_ONLY___  
2025-02-20 14:23:55,563 INFO     ___FILE_ONLY___ │ 
2025-02-20 14:23:55,563 INFO     ___FILE_ONLY___ < 1 MiB
2025-02-20 14:23:55,563 INFO     ___FILE_ONLY___  
2025-02-20 14:23:55,563 INFO     ___FILE_ONLY___ │
2025-02-20 14:23:55,563 INFO     ___FILE_ONLY___ 

2025-02-20 14:23:55,563 INFO     ___FILE_ONLY___ └─────────────────────────┴────────────┴─────────┘
2025-02-20 14:23:55,563 INFO     ___FILE_ONLY___ 

2025-02-20 14:23:55,563 INFO     ___FILE_ONLY___ 

2025-02-20 14:23:55,567 DEBUG    urllib3.connectionpool Starting new HTTPS connection (1): dl.google.com:443
2025-02-20 14:23:55,750 DEBUG    urllib3.connectionpool https://dl.google.com:443 "GET /dl/cloudsdk/channels/rapid/RELEASE_NOTES HTTP/11" 200 1367135
2025-02-20 14:23:56,227 INFO     ___FILE_ONLY___ For the latest full release notes, please visit:
  https://cloud.google.com/sdk/release_notes


2025-02-20 14:23:56,228 INFO     ___FILE_ONLY___ Performing in place update...


2025-02-20 14:23:56,231 INFO     ___FILE_ONLY___ ╔════════════════════════════════════════════════════════════╗

2025-02-20 14:23:56,231 INFO     ___FILE_ONLY___ ╠═ Downloading: gcloud Alpha Commands                       ═╣

2025-02-20 14:23:56,231 INFO     ___FILE_ONLY___ ╚
2025-02-20 14:23:56,235 DEBUG    urllib3.connectionpool Starting new HTTPS connection (1): dl.google.com:443
2025-02-20 14:23:57,274 DEBUG    urllib3.connectionpool https://dl.google.com:443 "GET /dl/cloudsdk/channels/rapid/components/google-cloud-sdk-alpha-20250218185346.tar.gz HTTP/11" 200 800
2025-02-20 14:23:57,275 INFO     ___FILE_ONLY___ ════════════════════════════════════════════════════════════
2025-02-20 14:23:57,275 INFO     ___FILE_ONLY___ ╝

2025-02-20 14:23:57,278 INFO     ___FILE_ONLY___ ╔════════════════════════════════════════════════════════════╗

2025-02-20 14:23:57,278 INFO     ___FILE_ONLY___ ╠═ Downloading: gcloud Beta Commands                        ═╣

2025-02-20 14:23:57,278 INFO     ___FILE_ONLY___ ╚
2025-02-20 14:23:57,282 DEBUG    urllib3.connectionpool Starting new HTTPS connection (1): dl.google.com:443
2025-02-20 14:23:57,485 DEBUG    urllib3.connectionpool https://dl.google.com:443 "GET /dl/cloudsdk/channels/rapid/components/google-cloud-sdk-beta-20250218185346.tar.gz HTTP/11" 200 797
2025-02-20 14:23:57,485 INFO     ___FILE_ONLY___ ════════════════════════════════════════════════════════════
2025-02-20 14:23:57,485 INFO     ___FILE_ONLY___ ╝

2025-02-20 14:23:57,488 INFO     ___FILE_ONLY___ ╔════════════════════════════════════════════════════════════╗

2025-02-20 14:23:57,488 INFO     ___FILE_ONLY___ ╠═ Downloading: gcloud Preview Commands                     ═╣

2025-02-20 14:23:57,488 INFO     ___FILE_ONLY___ ╚
2025-02-20 14:23:57,492 DEBUG    urllib3.connectionpool Starting new HTTPS connection (1): dl.google.com:443
2025-02-20 14:23:57,702 DEBUG    urllib3.connectionpool https://dl.google.com:443 "GET /dl/cloudsdk/channels/rapid/components/google-cloud-sdk-preview-20241115154308.tar.gz HTTP/11" 200 823
2025-02-20 14:23:57,703 INFO     ___FILE_ONLY___ ════════════════════════════════════════════════════════════
2025-02-20 14:23:57,703 INFO     ___FILE_ONLY___ ╝

2025-02-20 14:23:57,705 INFO     ___FILE_ONLY___ ╔════════════════════════════════════════════════════════════╗

2025-02-20 14:23:57,706 INFO     ___FILE_ONLY___ ╠═ Installing: gcloud Alpha Commands                        ═╣

2025-02-20 14:23:57,706 INFO     ___FILE_ONLY___ ╚
2025-02-20 14:23:57,707 INFO     ___FILE_ONLY___ ════════════════════════════════════════════════════════════
2025-02-20 14:23:57,707 INFO     ___FILE_ONLY___ ╝

2025-02-20 14:23:57,713 INFO     ___FILE_ONLY___ ╔════════════════════════════════════════════════════════════╗

2025-02-20 14:23:57,713 INFO     ___FILE_ONLY___ ╠═ Installing: gcloud Beta Commands                         ═╣

2025-02-20 14:23:57,713 INFO     ___FILE_ONLY___ ╚
2025-02-20 14:23:57,714 INFO     ___FILE_ONLY___ ════════════════════════════════════════════════════════════
2025-02-20 14:23:57,714 INFO     ___FILE_ONLY___ ╝

2025-02-20 14:23:57,720 INFO     ___FILE_ONLY___ ╔════════════════════════════════════════════════════════════╗

2025-02-20 14:23:57,720 INFO     ___FILE_ONLY___ ╠═ Installing: gcloud Preview Commands                      ═╣

2025-02-20 14:23:57,720 INFO     ___FILE_ONLY___ ╚
2025-02-20 14:23:57,721 INFO     ___FILE_ONLY___ ════════════════════════════════════════════════════════════
2025-02-20 14:23:57,721 INFO     ___FILE_ONLY___ ╝

2025-02-20 14:23:57,727 DEBUG    root            Updating notification cache...
2025-02-20 14:23:57,727 INFO     ___FILE_ONLY___ 

2025-02-20 14:23:57,730 INFO     ___FILE_ONLY___ Performing post processing steps...
2025-02-20 14:23:57,730 DEBUG    root            Executing command: ['/tools/google-cloud-sdk/bin/gcloud', 'components', 'post-process']
2025-02-20 14:24:09,640 DEBUG    ___FILE_ONLY___ 
2025-02-20 14:24:09,640 DEBUG    ___FILE_ONLY___ 
2025-02-20 14:24:09,774 INFO     ___FILE_ONLY___ 
Update done!


2025-02-20 14:24:09,777 DEBUG    root            Chosen display Format:none
2025-02-20 14:24:09,777 INFO     root            Display format: "none"
